0 verbose cli C:\Program Files\nodejs\node.exe C:\Program Files\nodejs\node_modules\npm\bin\npm-cli.js
1 info using npm@10.8.2
2 info using node@v20.17.0
3 silly config load:file:C:\Program Files\nodejs\node_modules\npm\npmrc
4 silly config load:file:C:\Users\Cristobal\.npmrc
5 silly config load:file:C:\Users\Cristobal\Desktop\dw-sec-vales-de-alimentacion\%AppData%\npm\etc\npmrc
6 verbose title npm run start
7 verbose argv "run" "start"
8 verbose logfile logs-max:10 dir:C:\Users\Cristobal\Desktop\dw-sec-vales-de-alimentacion\%AppData%\npm-cache\_logs\2024-11-22T17_08_18_708Z-
9 verbose logfile C:\Users\Cristobal\Desktop\dw-sec-vales-de-alimentacion\%AppData%\npm-cache\_logs\2024-11-22T17_08_18_708Z-debug-0.log
10 silly logfile done cleaning log files
11 verbose stack Error: Missing script: "start"
11 verbose stack
11 verbose stack Did you mean one of these?
11 verbose stack   npm star # Mark your favorite packages
11 verbose stack   npm stars # View packages marked as favorites
11 verbose stack
11 verbose stack To see a list of scripts, run:
11 verbose stack   npm run
11 verbose stack     at #run (C:\Program Files\nodejs\node_modules\npm\lib\commands\run-script.js:110:13)
11 verbose stack     at async RunScript.exec (C:\Program Files\nodejs\node_modules\npm\lib\commands\run-script.js:39:7)
11 verbose stack     at async Npm.exec (C:\Program Files\nodejs\node_modules\npm\lib\npm.js:207:9)
11 verbose stack     at async module.exports (C:\Program Files\nodejs\node_modules\npm\lib\cli\entry.js:74:5)
12 error Missing script: "start"
12 error
12 error Did you mean one of these?
12 error   npm star # Mark your favorite packages
12 error   npm stars # View packages marked as favorites
12 error
12 error To see a list of scripts, run:
12 error   npm run
13 verbose cwd C:\Users\Cristobal\Desktop\dw-sec-vales-de-alimentacion
14 verbose os Windows_NT 10.0.22631
15 verbose node v20.17.0
16 verbose npm  v10.8.2
17 verbose exit 1
18 verbose code 1
19 error A complete log of this run can be found in: C:\Users\Cristobal\Desktop\dw-sec-vales-de-alimentacion\%AppData%\npm-cache\_logs\2024-11-22T17_08_18_708Z-debug-0.log
